2026-03-10 12:07:56.620 | INFO     | __main__:run_ingestion:86 - =======================================================
2026-03-10 12:07:56.621 | INFO     | __main__:run_ingestion:87 -   BlockWatchKE — Phase 1: USDT Ingestion
2026-03-10 12:07:56.621 | INFO     | __main__:run_ingestion:88 -   Target : 100,000 transactions
2026-03-10 12:07:56.621 | INFO     | __main__:run_ingestion:89 -   Contract: TR7NHqjeKQxGTCi8q8ZY4pL8otSzgjLj6t
2026-03-10 12:07:56.621 | INFO     | __main__:run_ingestion:90 - =======================================================
2026-03-10 12:07:56.635 | INFO     | database.db_connection:test_connection:30 - ✅ Database connection successful
2026-03-10 12:07:58.035 | DEBUG    | __main__:run_ingestion:136 - Batch 1: inserted 198/200 | total 200
2026-03-10 12:07:58.959 | DEBUG    | __main__:run_ingestion:136 - Batch 2: inserted 198/200 | total 400
2026-03-10 12:08:00.147 | DEBUG    | __main__:run_ingestion:136 - Batch 3: inserted 195/200 | total 600
2026-03-10 12:08:01.605 | DEBUG    | __main__:run_ingestion:136 - Batch 4: inserted 198/200 | total 800
2026-03-10 12:08:02.846 | DEBUG    | __main__:run_ingestion:136 - Batch 5: inserted 196/200 | total 1,000
2026-03-10 12:08:03.990 | DEBUG    | __main__:run_ingestion:136 - Batch 6: inserted 199/200 | total 1,200
2026-03-10 12:08:05.111 | DEBUG    | __main__:run_ingestion:136 - Batch 7: inserted 198/200 | total 1,400
2026-03-10 12:08:06.249 | DEBUG    | __main__:run_ingestion:136 - Batch 8: inserted 200/200 | total 1,600
2026-03-10 12:08:07.449 | DEBUG    | __main__:run_ingestion:136 - Batch 9: inserted 198/200 | total 1,800
2026-03-10 12:08:08.517 | DEBUG    | __main__:run_ingestion:136 - Batch 10: inserted 200/200 | total 2,000
2026-03-10 12:08:09.595 | DEBUG    | __main__:run_ingestion:136 - Batch 11: inserted 200/200 | total 2,200
2026-03-10 12:08:10.715 | DEBUG    | __main__:run_ingestion:136 - Batch 12: inserted 196/200 | total 2,400
2026-03-10 12:08:11.786 | DEBUG    | __main__:run_ingestion:136 - Batch 13: inserted 198/200 | total 2,600
2026-03-10 12:08:12.852 | DEBUG    | __main__:run_ingestion:136 - Batch 14: inserted 197/200 | total 2,800
2026-03-10 12:08:13.946 | DEBUG    | __main__:run_ingestion:136 - Batch 15: inserted 196/200 | total 3,000
2026-03-10 12:08:14.849 | DEBUG    | __main__:run_ingestion:136 - Batch 16: inserted 199/200 | total 3,200
2026-03-10 12:08:15.902 | DEBUG    | __main__:run_ingestion:136 - Batch 17: inserted 198/200 | total 3,400
2026-03-10 12:08:16.970 | DEBUG    | __main__:run_ingestion:136 - Batch 18: inserted 199/200 | total 3,600
2026-03-10 12:08:17.937 | DEBUG    | __main__:run_ingestion:136 - Batch 19: inserted 200/200 | total 3,800
2026-03-10 12:08:18.950 | DEBUG    | __main__:run_ingestion:136 - Batch 20: inserted 198/200 | total 4,000
2026-03-10 12:08:19.890 | DEBUG    | __main__:run_ingestion:136 - Batch 21: inserted 200/200 | total 4,200
2026-03-10 12:08:21.003 | DEBUG    | __main__:run_ingestion:136 - Batch 22: inserted 199/200 | total 4,400
2026-03-10 12:08:21.896 | DEBUG    | __main__:run_ingestion:136 - Batch 23: inserted 199/200 | total 4,600
2026-03-10 12:08:22.995 | DEBUG    | __main__:run_ingestion:136 - Batch 24: inserted 200/200 | total 4,800
2026-03-10 12:08:24.102 | DEBUG    | __main__:run_ingestion:136 - Batch 25: inserted 200/200 | total 5,000
2026-03-10 12:08:25.179 | DEBUG    | __main__:run_ingestion:136 - Batch 26: inserted 197/200 | total 5,200
2026-03-10 12:08:26.278 | DEBUG    | __main__:run_ingestion:136 - Batch 27: inserted 200/200 | total 5,400
2026-03-10 12:08:27.412 | DEBUG    | __main__:run_ingestion:136 - Batch 28: inserted 198/200 | total 5,600
2026-03-10 12:08:28.505 | DEBUG    | __main__:run_ingestion:136 - Batch 29: inserted 197/200 | total 5,800
2026-03-10 12:08:29.678 | DEBUG    | __main__:run_ingestion:136 - Batch 30: inserted 195/200 | total 6,000
2026-03-10 12:08:30.927 | DEBUG    | __main__:run_ingestion:136 - Batch 31: inserted 195/200 | total 6,200
2026-03-10 12:08:32.194 | DEBUG    | __main__:run_ingestion:136 - Batch 32: inserted 197/200 | total 6,400
2026-03-10 12:08:33.259 | DEBUG    | __main__:run_ingestion:136 - Batch 33: inserted 199/200 | total 6,600
2026-03-10 12:08:34.373 | DEBUG    | __main__:run_ingestion:136 - Batch 34: inserted 193/200 | total 6,800
2026-03-10 12:08:35.599 | DEBUG    | __main__:run_ingestion:136 - Batch 35: inserted 198/200 | total 7,000
2026-03-10 12:08:36.949 | DEBUG    | __main__:run_ingestion:136 - Batch 36: inserted 198/200 | total 7,200
2026-03-10 12:08:38.076 | DEBUG    | __main__:run_ingestion:136 - Batch 37: inserted 198/200 | total 7,400
2026-03-10 12:08:39.193 | DEBUG    | __main__:run_ingestion:136 - Batch 38: inserted 200/200 | total 7,600
2026-03-10 12:08:40.344 | DEBUG    | __main__:run_ingestion:136 - Batch 39: inserted 200/200 | total 7,800
2026-03-10 12:08:41.234 | DEBUG    | __main__:run_ingestion:136 - Batch 40: inserted 196/200 | total 8,000
2026-03-10 12:08:42.315 | DEBUG    | __main__:run_ingestion:136 - Batch 41: inserted 197/200 | total 8,200
2026-03-10 12:08:43.451 | DEBUG    | __main__:run_ingestion:136 - Batch 42: inserted 198/200 | total 8,400
2026-03-10 12:08:44.531 | DEBUG    | __main__:run_ingestion:136 - Batch 43: inserted 198/200 | total 8,600
2026-03-10 12:08:45.725 | DEBUG    | __main__:run_ingestion:136 - Batch 44: inserted 200/200 | total 8,800
2026-03-10 12:08:46.851 | DEBUG    | __main__:run_ingestion:136 - Batch 45: inserted 200/200 | total 9,000
2026-03-10 12:08:47.768 | DEBUG    | __main__:run_ingestion:136 - Batch 46: inserted 199/200 | total 9,200
2026-03-10 12:08:48.798 | DEBUG    | __main__:run_ingestion:136 - Batch 47: inserted 199/200 | total 9,400
2026-03-10 12:08:49.828 | DEBUG    | __main__:run_ingestion:136 - Batch 48: inserted 196/200 | total 9,600
2026-03-10 12:08:50.710 | DEBUG    | __main__:run_ingestion:136 - Batch 49: inserted 196/200 | total 9,800
2026-03-10 12:08:51.585 | DEBUG    | __main__:run_ingestion:136 - Batch 50: inserted 194/200 | total 10,000
2026-03-10 12:08:52.496 | DEBUG    | __main__:run_ingestion:136 - Batch 51: inserted 199/200 | total 10,200
2026-03-10 12:08:53.560 | DEBUG    | __main__:run_ingestion:136 - Batch 52: inserted 199/200 | total 10,400
2026-03-10 12:08:54.659 | DEBUG    | __main__:run_ingestion:136 - Batch 53: inserted 200/200 | total 10,600
2026-03-10 12:08:55.778 | DEBUG    | __main__:run_ingestion:136 - Batch 54: inserted 199/200 | total 10,800
2026-03-10 12:08:56.832 | DEBUG    | __main__:run_ingestion:136 - Batch 55: inserted 197/200 | total 11,000
2026-03-10 12:08:57.948 | DEBUG    | __main__:run_ingestion:136 - Batch 56: inserted 198/200 | total 11,200
2026-03-10 12:08:59.021 | DEBUG    | __main__:run_ingestion:136 - Batch 57: inserted 198/200 | total 11,400
2026-03-10 12:09:00.082 | DEBUG    | __main__:run_ingestion:136 - Batch 58: inserted 199/200 | total 11,600
2026-03-10 12:09:01.636 | DEBUG    | __main__:run_ingestion:136 - Batch 59: inserted 199/200 | total 11,800
2026-03-10 12:09:02.747 | DEBUG    | __main__:run_ingestion:136 - Batch 60: inserted 197/200 | total 12,000
2026-03-10 12:09:03.819 | DEBUG    | __main__:run_ingestion:136 - Batch 61: inserted 199/200 | total 12,200
2026-03-10 12:09:04.966 | DEBUG    | __main__:run_ingestion:136 - Batch 62: inserted 196/200 | total 12,400
2026-03-10 12:09:06.021 | DEBUG    | __main__:run_ingestion:136 - Batch 63: inserted 196/200 | total 12,600
2026-03-10 12:09:07.069 | DEBUG    | __main__:run_ingestion:136 - Batch 64: inserted 197/200 | total 12,800
2026-03-10 12:09:08.162 | DEBUG    | __main__:run_ingestion:136 - Batch 65: inserted 193/200 | total 13,000
2026-03-10 12:09:09.273 | DEBUG    | __main__:run_ingestion:136 - Batch 66: inserted 198/200 | total 13,200
2026-03-10 12:09:10.457 | DEBUG    | __main__:run_ingestion:136 - Batch 67: inserted 199/200 | total 13,400
2026-03-10 12:09:11.418 | DEBUG    | __main__:run_ingestion:136 - Batch 68: inserted 200/200 | total 13,600
2026-03-10 12:09:12.511 | DEBUG    | __main__:run_ingestion:136 - Batch 69: inserted 200/200 | total 13,800
2026-03-10 12:09:13.693 | DEBUG    | __main__:run_ingestion:136 - Batch 70: inserted 197/200 | total 14,000
2026-03-10 12:09:14.880 | DEBUG    | __main__:run_ingestion:136 - Batch 71: inserted 192/200 | total 14,200
2026-03-10 12:09:16.154 | DEBUG    | __main__:run_ingestion:136 - Batch 72: inserted 187/200 | total 14,400
2026-03-10 12:09:17.246 | DEBUG    | __main__:run_ingestion:136 - Batch 73: inserted 189/200 | total 14,600
2026-03-10 12:09:18.307 | DEBUG    | __main__:run_ingestion:136 - Batch 74: inserted 199/200 | total 14,800
2026-03-10 12:09:19.455 | DEBUG    | __main__:run_ingestion:136 - Batch 75: inserted 196/200 | total 15,000
2026-03-10 12:09:20.535 | DEBUG    | __main__:run_ingestion:136 - Batch 76: inserted 199/200 | total 15,200
2026-03-10 12:09:21.461 | DEBUG    | __main__:run_ingestion:136 - Batch 77: inserted 198/200 | total 15,400
2026-03-10 12:09:22.516 | DEBUG    | __main__:run_ingestion:136 - Batch 78: inserted 197/200 | total 15,600
2026-03-10 12:09:23.666 | DEBUG    | __main__:run_ingestion:136 - Batch 79: inserted 194/200 | total 15,800
2026-03-10 12:09:24.767 | DEBUG    | __main__:run_ingestion:136 - Batch 80: inserted 198/200 | total 16,000
2026-03-10 12:09:25.843 | DEBUG    | __main__:run_ingestion:136 - Batch 81: inserted 197/200 | total 16,200
2026-03-10 12:09:26.910 | DEBUG    | __main__:run_ingestion:136 - Batch 82: inserted 200/200 | total 16,400
2026-03-10 12:09:28.013 | DEBUG    | __main__:run_ingestion:136 - Batch 83: inserted 196/200 | total 16,600
2026-03-10 12:09:29.131 | DEBUG    | __main__:run_ingestion:136 - Batch 84: inserted 198/200 | total 16,800
2026-03-10 12:09:30.245 | DEBUG    | __main__:run_ingestion:136 - Batch 85: inserted 197/200 | total 17,000
2026-03-10 12:09:31.340 | DEBUG    | __main__:run_ingestion:136 - Batch 86: inserted 200/200 | total 17,200
2026-03-10 12:09:32.524 | DEBUG    | __main__:run_ingestion:136 - Batch 87: inserted 199/200 | total 17,400
2026-03-10 12:09:33.679 | DEBUG    | __main__:run_ingestion:136 - Batch 88: inserted 198/200 | total 17,600
2026-03-10 12:09:34.753 | DEBUG    | __main__:run_ingestion:136 - Batch 89: inserted 195/200 | total 17,800
2026-03-10 12:09:35.809 | DEBUG    | __main__:run_ingestion:136 - Batch 90: inserted 196/200 | total 18,000
2026-03-10 12:09:36.952 | DEBUG    | __main__:run_ingestion:136 - Batch 91: inserted 199/200 | total 18,200
2026-03-10 12:09:38.040 | DEBUG    | __main__:run_ingestion:136 - Batch 92: inserted 197/200 | total 18,400
2026-03-10 12:09:39.116 | DEBUG    | __main__:run_ingestion:136 - Batch 93: inserted 199/200 | total 18,600
2026-03-10 12:09:40.171 | DEBUG    | __main__:run_ingestion:136 - Batch 94: inserted 197/200 | total 18,800
2026-03-10 12:09:41.254 | DEBUG    | __main__:run_ingestion:136 - Batch 95: inserted 193/200 | total 19,000
2026-03-10 12:09:42.150 | DEBUG    | __main__:run_ingestion:136 - Batch 96: inserted 195/200 | total 19,200
2026-03-10 12:09:43.059 | DEBUG    | __main__:run_ingestion:136 - Batch 97: inserted 197/200 | total 19,400
2026-03-10 12:09:44.189 | DEBUG    | __main__:run_ingestion:136 - Batch 98: inserted 198/200 | total 19,600
2026-03-10 12:09:45.262 | DEBUG    | __main__:run_ingestion:136 - Batch 99: inserted 195/200 | total 19,800
2026-03-10 12:09:46.394 | DEBUG    | __main__:run_ingestion:136 - Batch 100: inserted 200/200 | total 20,000
2026-03-10 12:09:47.652 | DEBUG    | __main__:run_ingestion:136 - Batch 101: inserted 200/200 | total 20,200
2026-03-10 12:09:48.724 | DEBUG    | __main__:run_ingestion:136 - Batch 102: inserted 200/200 | total 20,400
2026-03-10 12:09:49.630 | DEBUG    | __main__:run_ingestion:136 - Batch 103: inserted 199/200 | total 20,600
2026-03-10 12:09:50.766 | DEBUG    | __main__:run_ingestion:136 - Batch 104: inserted 197/200 | total 20,800
2026-03-10 12:09:51.884 | DEBUG    | __main__:run_ingestion:136 - Batch 105: inserted 198/200 | total 21,000
2026-03-10 12:09:52.991 | DEBUG    | __main__:run_ingestion:136 - Batch 106: inserted 195/200 | total 21,200
2026-03-10 12:09:54.068 | DEBUG    | __main__:run_ingestion:136 - Batch 107: inserted 196/200 | total 21,400
2026-03-10 12:09:55.104 | DEBUG    | __main__:run_ingestion:136 - Batch 108: inserted 197/200 | total 21,600
2026-03-10 12:09:56.201 | DEBUG    | __main__:run_ingestion:136 - Batch 109: inserted 197/200 | total 21,800
2026-03-10 12:09:57.128 | DEBUG    | __main__:run_ingestion:136 - Batch 110: inserted 197/200 | total 22,000
2026-03-10 12:09:58.054 | DEBUG    | __main__:run_ingestion:136 - Batch 111: inserted 195/200 | total 22,200
2026-03-10 12:09:59.102 | DEBUG    | __main__:run_ingestion:136 - Batch 112: inserted 199/200 | total 22,400
2026-03-10 12:10:00.217 | DEBUG    | __main__:run_ingestion:136 - Batch 113: inserted 195/200 | total 22,600
2026-03-10 12:10:01.515 | DEBUG    | __main__:run_ingestion:136 - Batch 114: inserted 200/200 | total 22,800
2026-03-10 12:10:02.899 | DEBUG    | __main__:run_ingestion:136 - Batch 115: inserted 198/200 | total 23,000
2026-03-10 12:10:03.798 | DEBUG    | __main__:run_ingestion:136 - Batch 116: inserted 197/200 | total 23,200
2026-03-10 12:10:04.882 | DEBUG    | __main__:run_ingestion:136 - Batch 117: inserted 196/200 | total 23,400
2026-03-10 12:10:05.990 | DEBUG    | __main__:run_ingestion:136 - Batch 118: inserted 199/200 | total 23,600
2026-03-10 12:10:06.947 | DEBUG    | __main__:run_ingestion:136 - Batch 119: inserted 199/200 | total 23,800
2026-03-10 12:10:08.119 | DEBUG    | __main__:run_ingestion:136 - Batch 120: inserted 199/200 | total 24,000
2026-03-10 12:10:09.471 | DEBUG    | __main__:run_ingestion:136 - Batch 121: inserted 198/200 | total 24,200
2026-03-10 12:10:10.684 | DEBUG    | __main__:run_ingestion:136 - Batch 122: inserted 200/200 | total 24,400
2026-03-10 12:10:11.857 | DEBUG    | __main__:run_ingestion:136 - Batch 123: inserted 199/200 | total 24,600
2026-03-10 12:10:12.908 | DEBUG    | __main__:run_ingestion:136 - Batch 124: inserted 200/200 | total 24,800
2026-03-10 12:10:13.960 | DEBUG    | __main__:run_ingestion:136 - Batch 125: inserted 200/200 | total 25,000
2026-03-10 12:10:15.036 | DEBUG    | __main__:run_ingestion:136 - Batch 126: inserted 197/200 | total 25,200
2026-03-10 12:10:16.232 | DEBUG    | __main__:run_ingestion:136 - Batch 127: inserted 197/200 | total 25,400
2026-03-10 12:10:17.359 | DEBUG    | __main__:run_ingestion:136 - Batch 128: inserted 197/200 | total 25,600
2026-03-10 12:10:18.433 | DEBUG    | __main__:run_ingestion:136 - Batch 129: inserted 199/200 | total 25,800
2026-03-10 12:10:19.313 | DEBUG    | __main__:run_ingestion:136 - Batch 130: inserted 199/200 | total 26,000
2026-03-10 12:10:20.349 | DEBUG    | __main__:run_ingestion:136 - Batch 131: inserted 199/200 | total 26,200
2026-03-10 12:10:21.412 | DEBUG    | __main__:run_ingestion:136 - Batch 132: inserted 198/200 | total 26,400
2026-03-10 12:10:22.479 | DEBUG    | __main__:run_ingestion:136 - Batch 133: inserted 198/200 | total 26,600
2026-03-10 12:10:23.593 | DEBUG    | __main__:run_ingestion:136 - Batch 134: inserted 200/200 | total 26,800
2026-03-10 12:10:24.676 | DEBUG    | __main__:run_ingestion:136 - Batch 135: inserted 199/200 | total 27,000
2026-03-10 12:10:25.729 | DEBUG    | __main__:run_ingestion:136 - Batch 136: inserted 197/200 | total 27,200
2026-03-10 12:10:26.612 | DEBUG    | __main__:run_ingestion:136 - Batch 137: inserted 195/200 | total 27,400
2026-03-10 12:10:27.687 | DEBUG    | __main__:run_ingestion:136 - Batch 138: inserted 197/200 | total 27,600
2026-03-10 12:10:28.824 | DEBUG    | __main__:run_ingestion:136 - Batch 139: inserted 199/200 | total 27,800
2026-03-10 12:10:29.687 | DEBUG    | __main__:run_ingestion:136 - Batch 140: inserted 198/200 | total 28,000
2026-03-10 12:10:30.807 | DEBUG    | __main__:run_ingestion:136 - Batch 141: inserted 197/200 | total 28,200
2026-03-10 12:10:31.851 | DEBUG    | __main__:run_ingestion:136 - Batch 142: inserted 197/200 | total 28,400
2026-03-10 12:10:33.084 | DEBUG    | __main__:run_ingestion:136 - Batch 143: inserted 199/200 | total 28,600
2026-03-10 12:10:34.164 | DEBUG    | __main__:run_ingestion:136 - Batch 144: inserted 197/200 | total 28,800
2026-03-10 12:10:35.611 | DEBUG    | __main__:run_ingestion:136 - Batch 145: inserted 198/200 | total 29,000
2026-03-10 12:10:36.690 | DEBUG    | __main__:run_ingestion:136 - Batch 146: inserted 199/200 | total 29,200
2026-03-10 12:10:37.759 | DEBUG    | __main__:run_ingestion:136 - Batch 147: inserted 197/200 | total 29,400
2026-03-10 12:10:38.928 | DEBUG    | __main__:run_ingestion:136 - Batch 148: inserted 200/200 | total 29,600
2026-03-10 12:10:40.046 | DEBUG    | __main__:run_ingestion:136 - Batch 149: inserted 198/200 | total 29,800
2026-03-10 12:10:41.184 | DEBUG    | __main__:run_ingestion:136 - Batch 150: inserted 198/200 | total 30,000
2026-03-10 12:10:42.281 | DEBUG    | __main__:run_ingestion:136 - Batch 151: inserted 199/200 | total 30,200
2026-03-10 12:10:43.331 | DEBUG    | __main__:run_ingestion:136 - Batch 152: inserted 198/200 | total 30,400
2026-03-10 12:10:44.218 | DEBUG    | __main__:run_ingestion:136 - Batch 153: inserted 198/200 | total 30,600
2026-03-10 12:10:45.148 | DEBUG    | __main__:run_ingestion:136 - Batch 154: inserted 196/200 | total 30,800
2026-03-10 12:10:46.058 | DEBUG    | __main__:run_ingestion:136 - Batch 155: inserted 191/200 | total 31,000
2026-03-10 12:10:47.212 | DEBUG    | __main__:run_ingestion:136 - Batch 156: inserted 198/200 | total 31,200
2026-03-10 12:10:48.106 | DEBUG    | __main__:run_ingestion:136 - Batch 157: inserted 197/200 | total 31,400
2026-03-10 12:10:49.052 | DEBUG    | __main__:run_ingestion:136 - Batch 158: inserted 198/200 | total 31,600
2026-03-10 12:10:50.188 | DEBUG    | __main__:run_ingestion:136 - Batch 159: inserted 200/200 | total 31,800
2026-03-10 12:10:51.246 | DEBUG    | __main__:run_ingestion:136 - Batch 160: inserted 200/200 | total 32,000
2026-03-10 12:10:52.305 | DEBUG    | __main__:run_ingestion:136 - Batch 161: inserted 197/200 | total 32,200
2026-03-10 12:10:53.452 | DEBUG    | __main__:run_ingestion:136 - Batch 162: inserted 198/200 | total 32,400
2026-03-10 12:10:54.524 | DEBUG    | __main__:run_ingestion:136 - Batch 163: inserted 199/200 | total 32,600
2026-03-10 12:10:55.635 | DEBUG    | __main__:run_ingestion:136 - Batch 164: inserted 197/200 | total 32,800
2026-03-10 12:10:56.812 | DEBUG    | __main__:run_ingestion:136 - Batch 165: inserted 196/200 | total 33,000
2026-03-10 12:10:58.023 | DEBUG    | __main__:run_ingestion:136 - Batch 166: inserted 197/200 | total 33,200
2026-03-10 12:10:59.127 | DEBUG    | __main__:run_ingestion:136 - Batch 167: inserted 197/200 | total 33,400
2026-03-10 12:11:00.311 | DEBUG    | __main__:run_ingestion:136 - Batch 168: inserted 198/200 | total 33,600
2026-03-10 12:11:01.438 | DEBUG    | __main__:run_ingestion:136 - Batch 169: inserted 198/200 | total 33,800
2026-03-10 12:11:02.568 | DEBUG    | __main__:run_ingestion:136 - Batch 170: inserted 199/200 | total 34,000
2026-03-10 12:11:03.460 | DEBUG    | __main__:run_ingestion:136 - Batch 171: inserted 197/200 | total 34,200
2026-03-10 12:11:04.535 | DEBUG    | __main__:run_ingestion:136 - Batch 172: inserted 197/200 | total 34,400
2026-03-10 12:11:05.723 | DEBUG    | __main__:run_ingestion:136 - Batch 173: inserted 198/200 | total 34,600
2026-03-10 12:11:06.856 | DEBUG    | __main__:run_ingestion:136 - Batch 174: inserted 198/200 | total 34,800
2026-03-10 12:11:07.965 | DEBUG    | __main__:run_ingestion:136 - Batch 175: inserted 199/200 | total 35,000
2026-03-10 12:11:09.172 | DEBUG    | __main__:run_ingestion:136 - Batch 176: inserted 195/200 | total 35,200
2026-03-10 12:11:10.368 | DEBUG    | __main__:run_ingestion:136 - Batch 177: inserted 198/200 | total 35,400
2026-03-10 12:11:11.528 | DEBUG    | __main__:run_ingestion:136 - Batch 178: inserted 195/200 | total 35,600
2026-03-10 12:11:12.640 | DEBUG    | __main__:run_ingestion:136 - Batch 179: inserted 200/200 | total 35,800
2026-03-10 12:11:13.703 | DEBUG    | __main__:run_ingestion:136 - Batch 180: inserted 198/200 | total 36,000
2026-03-10 12:11:14.806 | DEBUG    | __main__:run_ingestion:136 - Batch 181: inserted 195/200 | total 36,200
2026-03-10 12:11:16.007 | DEBUG    | __main__:run_ingestion:136 - Batch 182: inserted 196/200 | total 36,400
2026-03-10 12:11:17.150 | DEBUG    | __main__:run_ingestion:136 - Batch 183: inserted 199/200 | total 36,600
2026-03-10 12:11:18.271 | DEBUG    | __main__:run_ingestion:136 - Batch 184: inserted 198/200 | total 36,800
2026-03-10 12:11:19.338 | DEBUG    | __main__:run_ingestion:136 - Batch 185: inserted 198/200 | total 37,000
2026-03-10 12:11:20.463 | DEBUG    | __main__:run_ingestion:136 - Batch 186: inserted 198/200 | total 37,200
2026-03-10 12:11:21.640 | DEBUG    | __main__:run_ingestion:136 - Batch 187: inserted 197/200 | total 37,400
2026-03-10 12:11:22.779 | DEBUG    | __main__:run_ingestion:136 - Batch 188: inserted 195/200 | total 37,600
2026-03-10 12:11:23.807 | DEBUG    | __main__:run_ingestion:136 - Batch 189: inserted 197/200 | total 37,800
2026-03-10 12:11:24.873 | DEBUG    | __main__:run_ingestion:136 - Batch 190: inserted 197/200 | total 38,000
2026-03-10 12:11:25.946 | DEBUG    | __main__:run_ingestion:136 - Batch 191: inserted 199/200 | total 38,200
2026-03-10 12:11:27.106 | DEBUG    | __main__:run_ingestion:136 - Batch 192: inserted 191/200 | total 38,400
2026-03-10 12:11:28.181 | DEBUG    | __main__:run_ingestion:136 - Batch 193: inserted 190/200 | total 38,600
2026-03-10 12:11:29.367 | DEBUG    | __main__:run_ingestion:136 - Batch 194: inserted 194/200 | total 38,800
2026-03-10 12:11:30.434 | DEBUG    | __main__:run_ingestion:136 - Batch 195: inserted 199/200 | total 39,000
2026-03-10 12:11:31.502 | DEBUG    | __main__:run_ingestion:136 - Batch 196: inserted 198/200 | total 39,200
2026-03-10 12:11:32.606 | DEBUG    | __main__:run_ingestion:136 - Batch 197: inserted 199/200 | total 39,400
2026-03-10 12:11:33.666 | DEBUG    | __main__:run_ingestion:136 - Batch 198: inserted 197/200 | total 39,600
2026-03-10 12:11:34.854 | DEBUG    | __main__:run_ingestion:136 - Batch 199: inserted 199/200 | total 39,800
2026-03-10 12:11:35.936 | DEBUG    | __main__:run_ingestion:136 - Batch 200: inserted 200/200 | total 40,000
2026-03-10 12:11:37.007 | DEBUG    | __main__:run_ingestion:136 - Batch 201: inserted 197/200 | total 40,200
2026-03-10 12:11:38.210 | DEBUG    | __main__:run_ingestion:136 - Batch 202: inserted 197/200 | total 40,400
2026-03-10 12:11:39.334 | DEBUG    | __main__:run_ingestion:136 - Batch 203: inserted 199/200 | total 40,600
2026-03-10 12:11:40.410 | DEBUG    | __main__:run_ingestion:136 - Batch 204: inserted 199/200 | total 40,800
2026-03-10 12:11:41.490 | DEBUG    | __main__:run_ingestion:136 - Batch 205: inserted 198/200 | total 41,000
2026-03-10 12:11:42.588 | DEBUG    | __main__:run_ingestion:136 - Batch 206: inserted 197/200 | total 41,200
2026-03-10 12:11:43.654 | DEBUG    | __main__:run_ingestion:136 - Batch 207: inserted 197/200 | total 41,400
2026-03-10 12:11:44.758 | DEBUG    | __main__:run_ingestion:136 - Batch 208: inserted 198/200 | total 41,600
2026-03-10 12:11:45.655 | DEBUG    | __main__:run_ingestion:136 - Batch 209: inserted 199/200 | total 41,800
2026-03-10 12:11:46.560 | DEBUG    | __main__:run_ingestion:136 - Batch 210: inserted 197/200 | total 42,000
2026-03-10 12:11:47.857 | DEBUG    | __main__:run_ingestion:136 - Batch 211: inserted 199/200 | total 42,200
2026-03-10 12:11:48.737 | DEBUG    | __main__:run_ingestion:136 - Batch 212: inserted 198/200 | total 42,400
2026-03-10 12:11:49.832 | DEBUG    | __main__:run_ingestion:136 - Batch 213: inserted 196/200 | total 42,600
2026-03-10 12:11:50.718 | DEBUG    | __main__:run_ingestion:136 - Batch 214: inserted 197/200 | total 42,800
2026-03-10 12:11:51.816 | DEBUG    | __main__:run_ingestion:136 - Batch 215: inserted 199/200 | total 43,000
2026-03-10 12:11:52.770 | DEBUG    | __main__:run_ingestion:136 - Batch 216: inserted 198/200 | total 43,200
2026-03-10 12:11:53.860 | DEBUG    | __main__:run_ingestion:136 - Batch 217: inserted 200/200 | total 43,400
2026-03-10 12:11:54.951 | DEBUG    | __main__:run_ingestion:136 - Batch 218: inserted 198/200 | total 43,600
2026-03-10 12:11:55.846 | DEBUG    | __main__:run_ingestion:136 - Batch 219: inserted 197/200 | total 43,800
2026-03-10 12:11:56.908 | DEBUG    | __main__:run_ingestion:136 - Batch 220: inserted 196/200 | total 44,000
2026-03-10 12:11:58.105 | DEBUG    | __main__:run_ingestion:136 - Batch 221: inserted 200/200 | total 44,200
2026-03-10 12:11:59.171 | DEBUG    | __main__:run_ingestion:136 - Batch 222: inserted 200/200 | total 44,400
2026-03-10 12:12:00.377 | DEBUG    | __main__:run_ingestion:136 - Batch 223: inserted 198/200 | total 44,600
2026-03-10 12:12:01.286 | DEBUG    | __main__:run_ingestion:136 - Batch 224: inserted 197/200 | total 44,800
2026-03-10 12:12:02.731 | DEBUG    | __main__:run_ingestion:136 - Batch 225: inserted 200/200 | total 45,000
2026-03-10 12:12:03.888 | DEBUG    | __main__:run_ingestion:136 - Batch 226: inserted 195/200 | total 45,200
2026-03-10 12:12:05.313 | DEBUG    | __main__:run_ingestion:136 - Batch 227: inserted 199/200 | total 45,400
2026-03-10 12:12:06.379 | DEBUG    | __main__:run_ingestion:136 - Batch 228: inserted 199/200 | total 45,600
2026-03-10 12:12:07.321 | DEBUG    | __main__:run_ingestion:136 - Batch 229: inserted 200/200 | total 45,800
2026-03-10 12:12:08.292 | DEBUG    | __main__:run_ingestion:136 - Batch 230: inserted 199/200 | total 46,000
2026-03-10 12:12:09.327 | DEBUG    | __main__:run_ingestion:136 - Batch 231: inserted 197/200 | total 46,200
2026-03-10 12:12:10.609 | DEBUG    | __main__:run_ingestion:136 - Batch 232: inserted 198/200 | total 46,400
2026-03-10 12:12:11.769 | DEBUG    | __main__:run_ingestion:136 - Batch 233: inserted 198/200 | total 46,600
2026-03-10 12:12:12.875 | DEBUG    | __main__:run_ingestion:136 - Batch 234: inserted 198/200 | total 46,800
2026-03-10 12:12:14.018 | DEBUG    | __main__:run_ingestion:136 - Batch 235: inserted 198/200 | total 47,000
2026-03-10 12:12:15.108 | DEBUG    | __main__:run_ingestion:136 - Batch 236: inserted 198/200 | total 47,200
2026-03-10 12:12:16.325 | DEBUG    | __main__:run_ingestion:136 - Batch 237: inserted 200/200 | total 47,400
2026-03-10 12:12:17.425 | DEBUG    | __main__:run_ingestion:136 - Batch 238: inserted 197/200 | total 47,600
2026-03-10 12:12:18.504 | DEBUG    | __main__:run_ingestion:136 - Batch 239: inserted 196/200 | total 47,800
2026-03-10 12:12:19.594 | DEBUG    | __main__:run_ingestion:136 - Batch 240: inserted 198/200 | total 48,000
2026-03-10 12:12:20.705 | DEBUG    | __main__:run_ingestion:136 - Batch 241: inserted 196/200 | total 48,200
2026-03-10 12:12:21.768 | DEBUG    | __main__:run_ingestion:136 - Batch 242: inserted 200/200 | total 48,400
2026-03-10 12:12:22.848 | DEBUG    | __main__:run_ingestion:136 - Batch 243: inserted 199/200 | total 48,600
2026-03-10 12:12:24.074 | DEBUG    | __main__:run_ingestion:136 - Batch 244: inserted 200/200 | total 48,800
2026-03-10 12:12:25.168 | DEBUG    | __main__:run_ingestion:136 - Batch 245: inserted 197/200 | total 49,000
2026-03-10 12:12:26.280 | DEBUG    | __main__:run_ingestion:136 - Batch 246: inserted 196/200 | total 49,200
2026-03-10 12:12:27.371 | DEBUG    | __main__:run_ingestion:136 - Batch 247: inserted 199/200 | total 49,400
2026-03-10 12:12:28.531 | DEBUG    | __main__:run_ingestion:136 - Batch 248: inserted 199/200 | total 49,600
2026-03-10 12:12:29.638 | DEBUG    | __main__:run_ingestion:136 - Batch 249: inserted 197/200 | total 49,800
2026-03-10 12:12:30.762 | DEBUG    | __main__:run_ingestion:136 - Batch 250: inserted 198/200 | total 50,000
2026-03-10 12:12:31.853 | DEBUG    | __main__:run_ingestion:136 - Batch 251: inserted 198/200 | total 50,200
2026-03-10 12:12:32.942 | DEBUG    | __main__:run_ingestion:136 - Batch 252: inserted 194/200 | total 50,400
2026-03-10 12:12:34.178 | DEBUG    | __main__:run_ingestion:136 - Batch 253: inserted 189/200 | total 50,600
2026-03-10 12:12:35.313 | DEBUG    | __main__:run_ingestion:136 - Batch 254: inserted 197/200 | total 50,800
2026-03-10 12:12:36.440 | DEBUG    | __main__:run_ingestion:136 - Batch 255: inserted 199/200 | total 51,000
2026-03-10 12:12:37.511 | DEBUG    | __main__:run_ingestion:136 - Batch 256: inserted 195/200 | total 51,200
2026-03-10 12:12:38.603 | DEBUG    | __main__:run_ingestion:136 - Batch 257: inserted 197/200 | total 51,400
2026-03-10 12:12:39.553 | DEBUG    | __main__:run_ingestion:136 - Batch 258: inserted 195/200 | total 51,600
2026-03-10 12:12:40.671 | DEBUG    | __main__:run_ingestion:136 - Batch 259: inserted 197/200 | total 51,800
2026-03-10 12:12:41.810 | DEBUG    | __main__:run_ingestion:136 - Batch 260: inserted 200/200 | total 52,000
2026-03-10 12:12:42.904 | DEBUG    | __main__:run_ingestion:136 - Batch 261: inserted 198/200 | total 52,200
2026-03-10 12:12:44.024 | DEBUG    | __main__:run_ingestion:136 - Batch 262: inserted 197/200 | total 52,400
2026-03-10 12:12:45.133 | DEBUG    | __main__:run_ingestion:136 - Batch 263: inserted 200/200 | total 52,600
2026-03-10 12:12:46.180 | DEBUG    | __main__:run_ingestion:136 - Batch 264: inserted 199/200 | total 52,800
2026-03-10 12:12:47.253 | DEBUG    | __main__:run_ingestion:136 - Batch 265: inserted 197/200 | total 53,000
2026-03-10 12:12:48.309 | DEBUG    | __main__:run_ingestion:136 - Batch 266: inserted 197/200 | total 53,200
2026-03-10 12:12:49.422 | DEBUG    | __main__:run_ingestion:136 - Batch 267: inserted 198/200 | total 53,400
2026-03-10 12:12:50.474 | DEBUG    | __main__:run_ingestion:136 - Batch 268: inserted 200/200 | total 53,600
2026-03-10 12:12:51.550 | DEBUG    | __main__:run_ingestion:136 - Batch 269: inserted 200/200 | total 53,800
2026-03-10 12:12:52.915 | DEBUG    | __main__:run_ingestion:136 - Batch 270: inserted 199/200 | total 54,000
2026-03-10 12:12:53.980 | DEBUG    | __main__:run_ingestion:136 - Batch 271: inserted 199/200 | total 54,200
2026-03-10 12:12:55.103 | DEBUG    | __main__:run_ingestion:136 - Batch 272: inserted 200/200 | total 54,400
2026-03-10 12:12:56.281 | DEBUG    | __main__:run_ingestion:136 - Batch 273: inserted 199/200 | total 54,600
2026-03-10 12:12:57.357 | DEBUG    | __main__:run_ingestion:136 - Batch 274: inserted 200/200 | total 54,800
2026-03-10 12:12:58.501 | DEBUG    | __main__:run_ingestion:136 - Batch 275: inserted 200/200 | total 55,000
2026-03-10 12:12:59.597 | DEBUG    | __main__:run_ingestion:136 - Batch 276: inserted 199/200 | total 55,200
2026-03-10 12:13:00.836 | DEBUG    | __main__:run_ingestion:136 - Batch 277: inserted 195/200 | total 55,400
2026-03-10 12:13:01.918 | DEBUG    | __main__:run_ingestion:136 - Batch 278: inserted 198/200 | total 55,600
2026-03-10 12:13:03.092 | DEBUG    | __main__:run_ingestion:136 - Batch 279: inserted 200/200 | total 55,800
2026-03-10 12:13:04.151 | DEBUG    | __main__:run_ingestion:136 - Batch 280: inserted 197/200 | total 56,000
2026-03-10 12:13:05.337 | DEBUG    | __main__:run_ingestion:136 - Batch 281: inserted 198/200 | total 56,200
2026-03-10 12:13:06.406 | DEBUG    | __main__:run_ingestion:136 - Batch 282: inserted 195/200 | total 56,400
2026-03-10 12:13:07.493 | DEBUG    | __main__:run_ingestion:136 - Batch 283: inserted 199/200 | total 56,600
2026-03-10 12:13:08.647 | DEBUG    | __main__:run_ingestion:136 - Batch 284: inserted 194/200 | total 56,800
2026-03-10 12:13:09.557 | DEBUG    | __main__:run_ingestion:136 - Batch 285: inserted 197/200 | total 57,000
2026-03-10 12:13:10.729 | DEBUG    | __main__:run_ingestion:136 - Batch 286: inserted 198/200 | total 57,200
2026-03-10 12:13:11.913 | DEBUG    | __main__:run_ingestion:136 - Batch 287: inserted 193/200 | total 57,400
2026-03-10 12:13:13.190 | DEBUG    | __main__:run_ingestion:136 - Batch 288: inserted 200/200 | total 57,600
2026-03-10 12:13:14.241 | DEBUG    | __main__:run_ingestion:136 - Batch 289: inserted 194/200 | total 57,800
2026-03-10 12:13:15.364 | DEBUG    | __main__:run_ingestion:136 - Batch 290: inserted 196/200 | total 58,000
2026-03-10 12:13:16.485 | DEBUG    | __main__:run_ingestion:136 - Batch 291: inserted 197/200 | total 58,200
2026-03-10 12:13:17.787 | DEBUG    | __main__:run_ingestion:136 - Batch 292: inserted 200/200 | total 58,400
2026-03-10 12:13:18.830 | DEBUG    | __main__:run_ingestion:136 - Batch 293: inserted 199/200 | total 58,600
2026-03-10 12:13:19.900 | DEBUG    | __main__:run_ingestion:136 - Batch 294: inserted 200/200 | total 58,800
2026-03-10 12:13:21.078 | DEBUG    | __main__:run_ingestion:136 - Batch 295: inserted 199/200 | total 59,000
2026-03-10 12:13:22.178 | DEBUG    | __main__:run_ingestion:136 - Batch 296: inserted 198/200 | total 59,200
2026-03-10 12:13:23.251 | DEBUG    | __main__:run_ingestion:136 - Batch 297: inserted 200/200 | total 59,400
2026-03-10 12:13:24.170 | DEBUG    | __main__:run_ingestion:136 - Batch 298: inserted 200/200 | total 59,600
2026-03-10 12:13:25.301 | DEBUG    | __main__:run_ingestion:136 - Batch 299: inserted 197/200 | total 59,800
2026-03-10 12:13:26.412 | DEBUG    | __main__:run_ingestion:136 - Batch 300: inserted 200/200 | total 60,000
2026-03-10 12:13:27.555 | DEBUG    | __main__:run_ingestion:136 - Batch 301: inserted 199/200 | total 60,200
2026-03-10 12:13:28.781 | DEBUG    | __main__:run_ingestion:136 - Batch 302: inserted 198/200 | total 60,400
2026-03-10 12:13:29.812 | DEBUG    | __main__:run_ingestion:136 - Batch 303: inserted 198/200 | total 60,600
2026-03-10 12:13:30.896 | DEBUG    | __main__:run_ingestion:136 - Batch 304: inserted 198/200 | total 60,800
2026-03-10 12:13:31.851 | DEBUG    | __main__:run_ingestion:136 - Batch 305: inserted 200/200 | total 61,000
2026-03-10 12:13:32.913 | DEBUG    | __main__:run_ingestion:136 - Batch 306: inserted 195/200 | total 61,200
2026-03-10 12:13:33.800 | DEBUG    | __main__:run_ingestion:136 - Batch 307: inserted 198/200 | total 61,400
2026-03-10 12:13:34.850 | DEBUG    | __main__:run_ingestion:136 - Batch 308: inserted 198/200 | total 61,600
2026-03-10 12:13:36.028 | DEBUG    | __main__:run_ingestion:136 - Batch 309: inserted 195/200 | total 61,800
2026-03-10 12:13:37.177 | DEBUG    | __main__:run_ingestion:136 - Batch 310: inserted 198/200 | total 62,000
2026-03-10 12:13:38.107 | DEBUG    | __main__:run_ingestion:136 - Batch 311: inserted 198/200 | total 62,200
2026-03-10 12:13:39.243 | DEBUG    | __main__:run_ingestion:136 - Batch 312: inserted 198/200 | total 62,400
2026-03-10 12:13:40.237 | DEBUG    | __main__:run_ingestion:136 - Batch 313: inserted 192/200 | total 62,600
2026-03-10 12:13:41.229 | DEBUG    | __main__:run_ingestion:136 - Batch 314: inserted 200/200 | total 62,800
2026-03-10 12:13:42.130 | DEBUG    | __main__:run_ingestion:136 - Batch 315: inserted 199/200 | total 63,000
2026-03-10 12:13:43.202 | DEBUG    | __main__:run_ingestion:136 - Batch 316: inserted 197/200 | total 63,200
2026-03-10 12:13:44.427 | DEBUG    | __main__:run_ingestion:136 - Batch 317: inserted 196/200 | total 63,400
2026-03-10 12:13:45.539 | DEBUG    | __main__:run_ingestion:136 - Batch 318: inserted 190/200 | total 63,600
2026-03-10 12:13:46.688 | DEBUG    | __main__:run_ingestion:136 - Batch 319: inserted 195/200 | total 63,800
2026-03-10 12:13:47.748 | DEBUG    | __main__:run_ingestion:136 - Batch 320: inserted 196/200 | total 64,000
2026-03-10 12:13:49.046 | DEBUG    | __main__:run_ingestion:136 - Batch 321: inserted 199/200 | total 64,200
2026-03-10 12:13:50.196 | DEBUG    | __main__:run_ingestion:136 - Batch 322: inserted 193/200 | total 64,400
2026-03-10 12:13:51.319 | DEBUG    | __main__:run_ingestion:136 - Batch 323: inserted 195/200 | total 64,600
2026-03-10 12:13:52.386 | DEBUG    | __main__:run_ingestion:136 - Batch 324: inserted 197/200 | total 64,800
2026-03-10 12:13:53.508 | DEBUG    | __main__:run_ingestion:136 - Batch 325: inserted 199/200 | total 65,000
2026-03-10 12:13:54.682 | DEBUG    | __main__:run_ingestion:136 - Batch 326: inserted 198/200 | total 65,200
2026-03-10 12:13:55.801 | DEBUG    | __main__:run_ingestion:136 - Batch 327: inserted 199/200 | total 65,400
2026-03-10 12:13:56.891 | DEBUG    | __main__:run_ingestion:136 - Batch 328: inserted 197/200 | total 65,600
2026-03-10 12:13:58.270 | DEBUG    | __main__:run_ingestion:136 - Batch 329: inserted 200/200 | total 65,800
2026-03-10 12:13:59.363 | DEBUG    | __main__:run_ingestion:136 - Batch 330: inserted 199/200 | total 66,000
2026-03-10 12:14:00.688 | DEBUG    | __main__:run_ingestion:136 - Batch 331: inserted 197/200 | total 66,200
2026-03-10 12:14:01.837 | DEBUG    | __main__:run_ingestion:136 - Batch 332: inserted 199/200 | total 66,400
2026-03-10 12:14:03.147 | DEBUG    | __main__:run_ingestion:136 - Batch 333: inserted 199/200 | total 66,600
2026-03-10 12:14:04.237 | DEBUG    | __main__:run_ingestion:136 - Batch 334: inserted 197/200 | total 66,800
2026-03-10 12:14:05.378 | DEBUG    | __main__:run_ingestion:136 - Batch 335: inserted 200/200 | total 67,000
2026-03-10 12:14:06.563 | DEBUG    | __main__:run_ingestion:136 - Batch 336: inserted 198/200 | total 67,200
2026-03-10 12:14:07.734 | DEBUG    | __main__:run_ingestion:136 - Batch 337: inserted 200/200 | total 67,400
2026-03-10 12:14:08.848 | DEBUG    | __main__:run_ingestion:136 - Batch 338: inserted 198/200 | total 67,600
2026-03-10 12:14:09.976 | DEBUG    | __main__:run_ingestion:136 - Batch 339: inserted 200/200 | total 67,800
2026-03-10 12:14:11.055 | DEBUG    | __main__:run_ingestion:136 - Batch 340: inserted 197/200 | total 68,000
2026-03-10 12:14:12.141 | DEBUG    | __main__:run_ingestion:136 - Batch 341: inserted 198/200 | total 68,200
2026-03-10 12:14:13.227 | DEBUG    | __main__:run_ingestion:136 - Batch 342: inserted 198/200 | total 68,400
2026-03-10 12:14:14.365 | DEBUG    | __main__:run_ingestion:136 - Batch 343: inserted 198/200 | total 68,600
2026-03-10 12:14:15.330 | DEBUG    | __main__:run_ingestion:136 - Batch 344: inserted 194/200 | total 68,800
2026-03-10 12:14:16.408 | DEBUG    | __main__:run_ingestion:136 - Batch 345: inserted 198/200 | total 69,000
2026-03-10 12:14:17.534 | DEBUG    | __main__:run_ingestion:136 - Batch 346: inserted 198/200 | total 69,200
2026-03-10 12:14:18.692 | DEBUG    | __main__:run_ingestion:136 - Batch 347: inserted 198/200 | total 69,400
2026-03-10 12:14:19.892 | DEBUG    | __main__:run_ingestion:136 - Batch 348: inserted 199/200 | total 69,600
2026-03-10 12:14:21.006 | DEBUG    | __main__:run_ingestion:136 - Batch 349: inserted 195/200 | total 69,800
2026-03-10 12:14:22.124 | DEBUG    | __main__:run_ingestion:136 - Batch 350: inserted 199/200 | total 70,000
2026-03-10 12:14:23.035 | DEBUG    | __main__:run_ingestion:136 - Batch 351: inserted 198/200 | total 70,200
2026-03-10 12:14:24.094 | DEBUG    | __main__:run_ingestion:136 - Batch 352: inserted 200/200 | total 70,400
2026-03-10 12:14:25.203 | DEBUG    | __main__:run_ingestion:136 - Batch 353: inserted 197/200 | total 70,600
2026-03-10 12:14:26.324 | DEBUG    | __main__:run_ingestion:136 - Batch 354: inserted 196/200 | total 70,800
2026-03-10 12:14:27.536 | DEBUG    | __main__:run_ingestion:136 - Batch 355: inserted 196/200 | total 71,000
2026-03-10 12:14:28.619 | DEBUG    | __main__:run_ingestion:136 - Batch 356: inserted 198/200 | total 71,200
2026-03-10 12:14:29.512 | DEBUG    | __main__:run_ingestion:136 - Batch 357: inserted 200/200 | total 71,400
